SF:lib\app\core\shared\helpers\specifications\place_specifications.dart
DA:4,3
DA:5,9
LF:2
LH:2
end_of_record
SF:lib\app\core\shared\helpers\specifications\string_specifications.dart
DA:2,8
LF:1
LH:1
end_of_record
SF:lib\app\core\shared\helpers\value_objects\place.dart
DA:7,5
DA:9,2
DA:10,4
DA:15,1
DA:16,2
DA:18,0
DA:19,0
LF:7
LH:5
end_of_record
SF:lib\app\core\shared\errors\exceptions.dart
DA:4,1
LF:1
LH:1
end_of_record
SF:lib\app\core\shared\services\clients\dio_client_imp.dart
DA:9,1
DA:12,1
DA:14,3
DA:16,1
DA:17,1
DA:18,1
DA:19,1
DA:21,1
DA:22,0
DA:28,1
LF:10
LH:9
end_of_record
SF:lib\app\core\shared\services\clients\i_client_service.dart
DA:8,3
LF:1
LH:1
end_of_record
SF:lib\app\core\shared\errors\i_app_exception.dart
DA:6,4
LF:1
LH:1
end_of_record
SF:lib\app\modules\weather\domain\dtos\get_weather_dto.dart
DA:6,4
LF:1
LH:1
end_of_record
SF:lib\app\modules\weather\domain\entities\forecast_entity.dart
DA:6,3
LF:1
LH:1
end_of_record
SF:lib\app\modules\weather\domain\entities\weather_entity.dart
DA:9,3
LF:1
LH:1
end_of_record
SF:lib\app\modules\weather\domain\errors\domain_errors.dart
DA:4,2
DA:11,1
DA:18,1
LF:3
LH:3
end_of_record
SF:lib\app\modules\weather\domain\usecases\get_current_weather\get_current_weather_usecase_imp.dart
DA:13,1
DA:16,1
DA:17,2
DA:18,2
DA:21,3
LF:5
LH:5
end_of_record
SF:lib\app\modules\weather\external\datasources\weather_datasource_imp.dart
DA:11,1
DA:14,1
DA:18,7
DA:19,1
DA:20,0
LF:5
LH:4
end_of_record
SF:lib\app\modules\weather\external\errors\datasource_errors.dart
DA:4,1
DA:11,1
LF:2
LH:2
end_of_record
SF:lib\app\modules\weather\infra\repositories\weather_repository_imp.dart
DA:17,1
DA:20,1
DA:22,3
DA:24,2
DA:26,1
DA:27,0
DA:28,0
LF:7
LH:5
end_of_record
SF:lib\app\core\shared\errors\error_stacktrace.dart
DA:4,0
DA:5,0
LF:2
LH:0
end_of_record
SF:lib\app\modules\weather\infra\errors\infra_errors.dart
DA:5,0
DA:12,0
DA:16,0
DA:17,0
DA:18,0
DA:24,0
DA:28,0
DA:29,0
DA:30,0
DA:36,0
DA:40,0
DA:41,0
DA:42,0
LF:13
LH:0
end_of_record
SF:lib\app\modules\weather\infra\mappers\forecast_mapper.dart
DA:5,1
DA:11,1
DA:13,1
DA:14,1
DA:15,1
DA:16,1
DA:18,0
DA:19,0
LF:8
LH:6
end_of_record
SF:lib\app\modules\weather\infra\mappers\weather_mapper.dart
DA:10,1
DA:17,1
DA:19,1
DA:20,1
DA:21,1
DA:22,1
DA:23,5
DA:25,0
DA:26,0
LF:9
LH:7
end_of_record
SF:lib\app\modules\weather\presenter\stores\weather\weather_state.dart
DA:7,1
DA:8,1
DA:16,1
DA:17,1
DA:23,1
DA:24,3
DA:25,0
DA:26,0
DA:27,3
DA:28,0
DA:29,0
DA:31,1
DA:32,2
DA:36,1
DA:37,2
LF:15
LH:11
end_of_record
SF:lib\app\modules\weather\presenter\stores\weather\weather_event.dart
DA:9,1
LF:1
LH:1
end_of_record
SF:lib\app\modules\weather\presenter\stores\weather\weather_bloc.dart
DA:19,1
DA:21,1
DA:22,1
DA:25,2
DA:26,4
DA:28,1
DA:29,1
DA:30,2
DA:32,1
DA:33,2
LF:10
LH:10
end_of_record
SF:lib\app\core\themes\custom_gradients.dart
DA:4,0
DA:9,3
DA:14,0
DA:19,0
DA:24,0
LF:5
LH:1
end_of_record
